
ROM used: 47 (2%)
          47 (2%) including unused fragments

          0 Average locations per line
          47 Average locations per statement

RAM used: 7 (3%) at main() level
          7 (3%) worst case

Stack used: 1 worst case (out of 8 total available)

Lines Stmts  %   Files
----- ----- ---  -----
   11     1 100  olah_mund.c
  207     0   0  ..\..\..\..\..\..\Program Files (x86)\PICC\devices\16f628a.h
----- -----
  218     1 Total

Page ROM  %  RAM   Vol Diff  Functions:
---- --- --- ---   --- ----  ----------
0     28  60   1    17  0.8  main
0     15  32   0             @const57

Program metrics:
    Functions               1
    Statements              1
    Comments                69
    Volume (V)              18
    Difficilty (D)          0.6
    Effort to implement (E) 11
    Time to implement (T)   0 minutes
    Est Delivered Bugs (B)  0
    Cyclomatic Complexity   1
    Maintainability (MI)    171

 Segment     Used  Free
-----------  ----  ----
00000-00003     4  0  
00004-007FF    43  2001  



