
ROM used: 452 (22%)
          452 (22%) including unused fragments

          1 Average locations per line
          4 Average locations per statement

RAM used: 7 (3%) at main() level
          17 (8%) worst case

Stack used: 5 worst case (out of 8 total available)

Lines Stmts  %   Files
----- ----- ---  -----
  118    60  59  painel.c
   11     0   0  config_pic.c
  207     0   0  ..\..\..\..\..\..\Program Files (x86)\PICC\devices\16f628a.h
  153    41  41  lcd_r.c
----- -----
  489   101 Total

Page ROM  %  RAM   Vol Diff  Functions:
---- --- --- ---   --- ----  ----------
0     20   4   1             @delay_ms1
0      8   2   0             @const52
0     39   9   1   260  1.9  lcd_envia_nibble
0     33   7   3   176  2.7  lcd_envia_byte
 Inline        2   433  4.3  lcd_ini
0     18   4   4   186  5.5  lcd_pos_xy
0     40   9   1   304  3.3  lcd_escreve
0     87  19   1   104  1.6  inicia_lcd
0      6   1   0             @const74
0     21   5   0             @const75
0     21   5   1   172  3.9  tb1
0     21   5   1   172  3.9  tb2
0     21   5   1   172  3.9  tb3
0     94  21   1   559  3.3  imprime
0     19   4   0    75  1.5  MAIN

Program metrics:
    Functions               11
    Statements              101
    Comments                167
    Volume (V)              4345
    Difficilty (D)          35.4
    Effort to implement (E) 153802
    Time to implement (T)   2 hours, 22 minutes
    Est Delivered Bugs (B)  1
    Cyclomatic Complexity   17
    Maintainability (MI)    91

 Segment     Used  Free
-----------  ----  ----
00000-00003     4  0  
00004-007FF   448  1596  



