
ROM used: 57 (3%)
          57 (3%) including unused fragments

          0 Average locations per line
          10 Average locations per statement

RAM used: 7 (3%) at main() level
          8 (4%) worst case

Stack used: 1 worst case (out of 8 total available)

Lines Stmts  %   Files
----- ----- ---  -----
   16     6 100  pisca_8bits.c
  207     0   0  ..\..\..\..\..\..\Program Files (x86)\PICC\devices\16f628a.h
----- -----
  223     6 Total

Page ROM  %  RAM   Vol Diff  Functions:
---- --- --- ---   --- ----  ----------
0     21  37   1             @delay_ms1
0     32  56   1    92  1.7  main

Program metrics:
    Functions               1
    Statements              6
    Comments                69
    Volume (V)              94
    Difficilty (D)          1.5
    Effort to implement (E) 145
    Time to implement (T)   0 minutes
    Est Delivered Bugs (B)  0
    Cyclomatic Complexity   1
    Maintainability (MI)    133

 Segment     Used  Free
-----------  ----  ----
00000-00003     4  0  
00004-007FF    53  1991  



